# packages in environment at D:\Python\Miniconda3\envs\simpenv:
#
# Name                    Version                   Build  Channel
appdirs                   1.4.4                    pypi_0    pypi
argon2-cffi               20.1.0           py38h294d835_2    conda-forge
argparse                  1.4.0                    pypi_0    pypi
async_generator           1.10                       py_0    conda-forge
attrs                     21.2.0             pyhd8ed1ab_0    conda-forge
backcall                  0.2.0              pyh9f0ad1d_0    conda-forge
backports                 1.0                        py_2    conda-forge
backports.functools_lru_cache 1.6.4              pyhd8ed1ab_0    conda-forge
beautifulsoup4            4.9.3                    pypi_0    pypi
blas                      1.0                         mkl  
bleach                    3.3.0              pyh44b312d_0    conda-forge
ca-certificates           2020.12.5            h5b45459_0    conda-forge
certifi                   2020.12.5        py38haa244fe_1    conda-forge
cffi                      1.14.5           py38hd8c33c5_0    conda-forge
colorama                  0.4.4              pyh9f0ad1d_0    conda-forge
cycler                    0.10.0                   pypi_0    pypi
decorator                 5.0.9              pyhd8ed1ab_0    conda-forge
defusedxml                0.7.1              pyhd8ed1ab_0    conda-forge
easyprocess               0.3                      pypi_0    pypi
entrypoint2               0.2.3                    pypi_0    pypi
entrypoints               0.3             pyhd8ed1ab_1003    conda-forge
et-xmlfile                1.1.0                    pypi_0    pypi
freetype                  2.10.4               hd328e21_0  
icc_rt                    2019.0.0             h0cc432a_1  
importlib-metadata        4.3.1            py38haa244fe_0    conda-forge
intel-openmp              2020.0                      166  
ipykernel                 5.5.5            py38h43734a8_0    conda-forge
ipython                   7.24.0           py38h43734a8_0    conda-forge
ipython-genutils          0.2.0                    pypi_0    pypi
ipython_genutils          0.2.0                      py_1    conda-forge
jedi                      0.18.0           py38haa244fe_2    conda-forge
jinja2                    3.0.1              pyhd8ed1ab_0    conda-forge
joblib                    1.1.0                    pypi_0    pypi
jpeg                      9b                   hb83a4c4_2  
jsonschema                3.2.0              pyhd8ed1ab_3    conda-forge
jupyter_client            6.1.12             pyhd8ed1ab_0    conda-forge
jupyter_core              4.7.1            py38haa244fe_0    conda-forge
jupyterlab_pygments       0.1.2              pyh9f0ad1d_0    conda-forge
kiwisolver                1.3.1                    pypi_0    pypi
libpng                    1.6.37               h2a8f88b_0  
libsodium                 1.0.18               h8d14728_1    conda-forge
libtiff                   4.1.0                h56a325e_1  
lxml                      4.5.0                    pypi_0    pypi
lz4-c                     1.9.2                hf4a77e7_3  
m2w64-gcc-libgfortran     5.3.0                         6    conda-forge
m2w64-gcc-libs            5.3.0                         7    conda-forge
m2w64-gcc-libs-core       5.3.0                         7    conda-forge
m2w64-gmp                 6.1.0                         2    conda-forge
m2w64-libwinpthread-git   5.0.0.4634.697f757               2    conda-forge
markupsafe                2.0.1            py38h294d835_0    conda-forge
matplotlib                3.4.2                    pypi_0    pypi
matplotlib-inline         0.1.2              pyhd8ed1ab_2    conda-forge
mistune                   0.8.4           py38h294d835_1003    conda-forge
mkl                       2020.0                      166  
mkl-service               2.3.0            py38hb782905_0  
mkl_fft                   1.0.15           py38h14836fe_0  
mkl_random                1.1.0            py38hf9181ef_0  
mouse                     0.7.1                    pypi_0    pypi
mss                       6.1.0                    pypi_0    pypi
msys2-conda-epoch         20160418                      1    conda-forge
nbclient                  0.5.3              pyhd8ed1ab_0    conda-forge
nbconvert                 6.0.7            py38haa244fe_3    conda-forge
nbformat                  5.1.3              pyhd8ed1ab_0    conda-forge
nest-asyncio              1.5.1              pyhd8ed1ab_0    conda-forge
notebook                  6.4.0              pyha770c72_0    conda-forge
notebook-as-pdf           0.5.0                    pypi_0    pypi
numpy                     1.18.1           py38h93ca92e_0  
numpy-base                1.18.1           py38hc3f5095_1  
olefile                   0.46                       py_0  
openpyxl                  3.1.2                    pypi_0    pypi
openssl                   1.1.1k               h8ffe710_0    conda-forge
packaging                 20.9               pyh44b312d_0    conda-forge
pandas                    1.0.1            py38h47e9c7a_0  
pandoc                    2.13                 h8ffe710_0    conda-forge
pandocfilters             1.4.3                    pypi_0    pypi
parso                     0.8.2              pyhd8ed1ab_0    conda-forge
pickleshare               0.7.5                   py_1003    conda-forge
pillow                    8.0.1            py38h4fa10fc_0  
pip                       20.0.2                   py38_1  
prometheus_client         0.10.1             pyhd8ed1ab_0    conda-forge
prompt-toolkit            3.0.18             pyha770c72_0    conda-forge
pycparser                 2.20               pyh9f0ad1d_2    conda-forge
pyee                      8.2.2                    pypi_0    pypi
pygments                  2.9.0              pyhd8ed1ab_0    conda-forge
pyparsing                 2.4.7              pyh9f0ad1d_0    conda-forge
pypdf2                    1.26.0                   pypi_0    pypi
pyppeteer                 0.2.6                    pypi_0    pypi
pyrsistent                0.17.3           py38h294d835_2    conda-forge
pyscreenshot              2.2                      pypi_0    pypi
python                    3.8.1           h5fd99cc_8_cpython  
python-dateutil           2.8.1                      py_0  
python_abi                3.8                      1_cp38    conda-forge
pytz                      2019.3                     py_0  
pywin32                   300                      pypi_0    pypi
pywinpty                  1.1.1                    pypi_0    pypi
pyzmq                     22.1.0           py38h09162b1_0    conda-forge
scikit-learn              1.0.1                    pypi_0    pypi
scipy                     1.6.3                    pypi_0    pypi
seaborn                   0.11.1                   pypi_0    pypi
send2trash                1.5.0                      py_0    conda-forge
setuptools                45.2.0                   py38_0  
six                       1.14.0                   py38_0  
soupsieve                 2.2.1                    pypi_0    pypi
sqlite                    3.31.1               he774522_0  
terminado                 0.10.0                   pypi_0    pypi
testpath                  0.5.0              pyhd8ed1ab_0    conda-forge
threadpoolctl             3.0.0                    pypi_0    pypi
tifffile                  2021.11.2                pypi_0    pypi
tk                        8.6.10               he774522_0  
tornado                   6.1              py38h294d835_1    conda-forge
tqdm                      4.62.3                   pypi_0    pypi
traitlets                 5.0.5                      py_0    conda-forge
urllib3                   1.26.7                   pypi_0    pypi
vc                        14.1                 h0510ff6_4  
vs2015_runtime            14.16.27012          hf0eaf9b_1  
wcwidth                   0.2.5              pyh9f0ad1d_2    conda-forge
webencodings              0.5.1                    pypi_0    pypi
websockets                9.1                      pypi_0    pypi
wheel                     0.34.2                   py38_0  
wincertstore              0.2                      py38_0  
winpty                    0.4.3                         4    conda-forge
xlsxwriter                1.2.8                    pypi_0    pypi
xz                        5.2.5                h62dcd97_0  
zeromq                    4.3.4                h0e60522_0    conda-forge
zipp                      3.4.1              pyhd8ed1ab_0    conda-forge
zlib                      1.2.11               h62dcd97_4  
zstd                      1.4.5                h04227a9_0  
